Using pre-set license

 COMMAND LINE ARGUMENTS:
/Applications/Unity/Hub/Editor/2020.3.12f1/Unity.app/Contents/MacOS/Unity
-adb2
-batchMode
-noUpm
-name
AssetImportWorker0
-projectPath
/Users/luthharoon/Documents/GitHub.nosync/swing-shot/SwingShot
-logFile
Logs/AssetImportWorker0.log
-srvPort
58253
Successfully changed project path to: /Users/luthharoon/Documents/GitHub.nosync/swing-shot/SwingShot
/Users/luthharoon/Documents/GitHub.nosync/swing-shot/SwingShot
Using Asset Import Pipeline V2.
Refreshing native plugins compatible for Editor in 55.42 ms, found 2 plugins.
Preloading 0 native plugins for Editor in 0.00 ms.
Initialize engine version: 2020.3.12f1 (b3b2c6512326)
[Subsystems] Discovering subsystems at path /Applications/Unity/Hub/Editor/2020.3.12f1/Unity.app/Contents/Resources/UnitySubsystems
[Subsystems] Discovering subsystems at path /Users/luthharoon/Documents/GitHub.nosync/swing-shot/SwingShot/Assets
GfxDevice: creating device client; threaded=0
2021-07-15 18:03:23.842 Unity[59518:2029033] Color LCD preferred device: Intel(R) Iris(TM) Plus Graphics 655 (low power)
2021-07-15 18:03:23.842 Unity[59518:2029033] Metal devices available: 1
2021-07-15 18:03:23.842 Unity[59518:2029033] 0: Intel(R) Iris(TM) Plus Graphics 655 (low power)
2021-07-15 18:03:23.842 Unity[59518:2029033] Using device Intel(R) Iris(TM) Plus Graphics 655 (low power)
Initializing Metal device caps: Intel(R) Iris(TM) Plus Graphics 655
Initialize mono
Mono path[0] = '/Applications/Unity/Hub/Editor/2020.3.12f1/Unity.app/Contents/Managed'
Mono path[1] = '/Applications/Unity/Hub/Editor/2020.3.12f1/Unity.app/Contents/MonoBleedingEdge/lib/mono/unityjit'
Mono config path = '/Applications/Unity/Hub/Editor/2020.3.12f1/Unity.app/Contents/MonoBleedingEdge/etc'
Using monoOptions --debugger-agent=transport=dt_socket,embedding=1,server=y,suspend=n,address=127.0.0.1:56518
Begin MonoManager ReloadAssembly
Registering precompiled unity dll's ...
Register platform support module: /Applications/Unity/Hub/Editor/2020.3.12f1/PlaybackEngines/WebGLSupport/UnityEditor.WebGL.Extensions.dll
Register platform support module: /Applications/Unity/Hub/Editor/2020.3.12f1/Unity.app/Contents/PlaybackEngines/MacStandaloneSupport/UnityEditor.OSXStandalone.Extensions.dll
Register platform support module: /Applications/Unity/Hub/Editor/2020.3.12f1/PlaybackEngines/WindowsStandaloneSupport/UnityEditor.WindowsStandalone.Extensions.dll
Registered in 0.006169 seconds.
Native extension for WindowsStandalone target not found
Native extension for OSXStandalone target not found
Native extension for WebGL target not found
Refreshing native plugins compatible for Editor in 48.39 ms, found 2 plugins.
Preloading 0 native plugins for Editor in 0.00 ms.
Mono: successfully reloaded assembly
- Completed reload, in  2.237 seconds
Platform modules already initialized, skipping
Registering precompiled user dll's ...
Registered in 0.016667 seconds.
Begin MonoManager ReloadAssembly
Native extension for WindowsStandalone target not found
Native extension for OSXStandalone target not found
Native extension for WebGL target not found
Refreshing native plugins compatible for Editor in 0.53 ms, found 2 plugins.
Preloading 0 native plugins for Editor in 0.00 ms.
Mono: successfully reloaded assembly
- Completed reload, in  1.430 seconds
Platform modules already initialized, skipping
========================================================================
Worker process is ready to serve import requests
Launching external process: /Applications/Unity/Hub/Editor/2020.3.12f1/Unity.app/Contents/Tools/UnityShaderCompiler
Launched and connected shader compiler UnityShaderCompiler after 0.03 seconds
Refreshing native plugins compatible for Editor in 0.61 ms, found 2 plugins.
Preloading 0 native plugins for Editor in 0.00 ms.
Unloading 1957 Unused Serialized files (Serialized files now loaded: 0)
System memory in use before: 170.7 MB.
System memory in use after: 170.8 MB.

Unloading 28 unused Assets to reduce memory usage. Loaded Objects now: 2410.
Total: 2.446038 ms (FindLiveObjects: 0.249558 ms CreateObjectMapping: 0.074540 ms MarkObjects: 2.088054 ms  DeleteObjects: 0.032918 ms)

AssetImportParameters requested are different than current active one (requested -> active):
  custom:video-decoder-ogg-theora: a1e56fd34408186e4bbccfd4996cb3dc -> 
  custom:container-muxer-webm: aa71ff27fc2769a1b78a27578f13a17b -> 
  custom:container-demuxer-webm: 4f35f7cbe854078d1ac9338744f61a02 -> 
  custom:container-demuxer-ogg: 62fdf1f143b41e24485cea50d1cbac27 -> 
  custom:video-encoder-webm-vp8: eb34c28f22e8b96e1ab97ce403110664 -> 
  custom:framework-osx-AVFoundation: e770b220cccbd017edd2c1fefb359320 -> 
  custom:video-decoder-webm-vp8: 9c59270c3fd7afecdb556c50c9e8de78 -> 
  custom:audio-decoder-ogg-vorbis: bf7c407c2cedff20999df2af8eb42d56 -> 
  custom:audio-encoder-webm-vorbis: bf7c407c2cedff20999df2af8eb42d56 -> 
========================================================================
Received Import Request.
  path: Assets/Sprites
  artifactKey: Guid(34aa8e09c6b764021aeda2a29d319fd3) Importer(815301076,1909f56bfc062723c751e8b465ee728b)
Start importing Assets/Sprites using Guid(34aa8e09c6b764021aeda2a29d319fd3) Importer(815301076,1909f56bfc062723c751e8b465ee728b)  -> (artifact id: 'ad28193fdc218bbb9b81c2e75fc9475f') in 0.004228 seconds 
  Import took 0.007986 seconds .

========================================================================
Received Import Request.
  Time since last request: 4.351492 seconds.
  path: Assets/Scenes/Scene 1.unity
  artifactKey: Guid(fcd8b93b83f914bb49ca2cb3cf487d2e) Importer(815301076,1909f56bfc062723c751e8b465ee728b)
Start importing Assets/Scenes/Scene 1.unity using Guid(fcd8b93b83f914bb49ca2cb3cf487d2e) Importer(815301076,1909f56bfc062723c751e8b465ee728b)  -> (artifact id: 'bd306d3b89bd3a596befd3c6943e4fc6') in 0.018097 seconds 
  Import took 0.024855 seconds .

========================================================================
Received Prepare
Refreshing native plugins compatible for Editor in 2.87 ms, found 2 plugins.
Preloading 0 native plugins for Editor in 0.00 ms.
Unloading 23 Unused Serialized files (Serialized files now loaded: 0)
System memory in use before: 128.8 MB.
System memory in use after: 128.9 MB.

Unloading 17 unused Assets to reduce memory usage. Loaded Objects now: 2415.
Total: 2.741483 ms (FindLiveObjects: 0.209529 ms CreateObjectMapping: 0.068431 ms MarkObjects: 2.436365 ms  DeleteObjects: 0.026248 ms)

AssetImportParameters requested are different than current active one (requested -> active):
  custom:video-decoder-ogg-theora: a1e56fd34408186e4bbccfd4996cb3dc -> 
  custom:container-muxer-webm: aa71ff27fc2769a1b78a27578f13a17b -> 
  custom:container-demuxer-webm: 4f35f7cbe854078d1ac9338744f61a02 -> 
  custom:container-demuxer-ogg: 62fdf1f143b41e24485cea50d1cbac27 -> 
  custom:video-encoder-webm-vp8: eb34c28f22e8b96e1ab97ce403110664 -> 
  custom:framework-osx-AVFoundation: e770b220cccbd017edd2c1fefb359320 -> 
  custom:video-decoder-webm-vp8: 9c59270c3fd7afecdb556c50c9e8de78 -> 
  custom:audio-decoder-ogg-vorbis: bf7c407c2cedff20999df2af8eb42d56 -> 
  custom:audio-encoder-webm-vorbis: bf7c407c2cedff20999df2af8eb42d56 -> 
========================================================================
Received Prepare
Registering precompiled user dll's ...
Registered in 0.004497 seconds.
Begin MonoManager ReloadAssembly
Native extension for WindowsStandalone target not found
Native extension for OSXStandalone target not found
Native extension for WebGL target not found
Refreshing native plugins compatible for Editor in 0.65 ms, found 2 plugins.
Preloading 0 native plugins for Editor in 0.00 ms.
Mono: successfully reloaded assembly
- Completed reload, in  1.333 seconds
Platform modules already initialized, skipping
Refreshing native plugins compatible for Editor in 0.57 ms, found 2 plugins.
Preloading 0 native plugins for Editor in 0.00 ms.
Unloading 1910 Unused Serialized files (Serialized files now loaded: 0)
System memory in use before: 166.5 MB.
System memory in use after: 166.7 MB.

Unloading 20 unused Assets to reduce memory usage. Loaded Objects now: 2418.
Total: 2.390394 ms (FindLiveObjects: 0.237014 ms CreateObjectMapping: 0.073057 ms MarkObjects: 2.057479 ms  DeleteObjects: 0.021578 ms)

AssetImportParameters requested are different than current active one (requested -> active):
  custom:video-decoder-ogg-theora: a1e56fd34408186e4bbccfd4996cb3dc -> 
  custom:container-muxer-webm: aa71ff27fc2769a1b78a27578f13a17b -> 
  custom:container-demuxer-webm: 4f35f7cbe854078d1ac9338744f61a02 -> 
  custom:container-demuxer-ogg: 62fdf1f143b41e24485cea50d1cbac27 -> 
  custom:video-encoder-webm-vp8: eb34c28f22e8b96e1ab97ce403110664 -> 
  custom:framework-osx-AVFoundation: e770b220cccbd017edd2c1fefb359320 -> 
  custom:video-decoder-webm-vp8: 9c59270c3fd7afecdb556c50c9e8de78 -> 
  custom:audio-decoder-ogg-vorbis: bf7c407c2cedff20999df2af8eb42d56 -> 
  custom:audio-encoder-webm-vorbis: bf7c407c2cedff20999df2af8eb42d56 -> 
========================================================================
Received Import Request.
  Time since last request: 109.190739 seconds.
  path: Assets/Plugins/typewriter-for-unity-master
  artifactKey: Guid(ef3e7f74a95fb4ed7985aff8c8effb0b) Importer(815301076,1909f56bfc062723c751e8b465ee728b)
Start importing Assets/Plugins/typewriter-for-unity-master using Guid(ef3e7f74a95fb4ed7985aff8c8effb0b) Importer(815301076,1909f56bfc062723c751e8b465ee728b)  -> (artifact id: '0ef1bf36aaa1a88fb8311891f6e22e9d') in 0.004609 seconds 
  Import took 0.008262 seconds .

========================================================================
Received Import Request.
  Time since last request: 109.699132 seconds.
  path: Assets/Fonts/quarca
  artifactKey: Guid(c7b38ce48e29a484e931db16ec17bdfd) Importer(815301076,1909f56bfc062723c751e8b465ee728b)
Start importing Assets/Fonts/quarca using Guid(c7b38ce48e29a484e931db16ec17bdfd) Importer(815301076,1909f56bfc062723c751e8b465ee728b)  -> (artifact id: '4f13a44ac47fd31cba444bc2ba4154de') in 0.001252 seconds 
  Import took 0.005331 seconds .

========================================================================
Received Import Request.
  Time since last request: 0.010760 seconds.
  path: Assets/Fonts/quarca
  artifactKey: Guid(c7b38ce48e29a484e931db16ec17bdfd) Importer(815301076,1909f56bfc062723c751e8b465ee728b)
Start importing Assets/Fonts/quarca using Guid(c7b38ce48e29a484e931db16ec17bdfd) Importer(815301076,1909f56bfc062723c751e8b465ee728b)  -> (artifact id: '4f13a44ac47fd31cba444bc2ba4154de') in 0.001561 seconds 
  Import took 0.008777 seconds .

========================================================================
Received Import Request.
  Time since last request: 2.114369 seconds.
  path: Assets/Fonts/quarca/QuarcaCondBold.otf
  artifactKey: Guid(cc4fd2fa8aeb14d6aaa6127329ea4a98) Importer(815301076,1909f56bfc062723c751e8b465ee728b)
Start importing Assets/Fonts/quarca/QuarcaCondBold.otf using Guid(cc4fd2fa8aeb14d6aaa6127329ea4a98) Importer(815301076,1909f56bfc062723c751e8b465ee728b)  -> (artifact id: '6ac1bfd14d62f432e4354ccb40e1d0a2') in 2.330770 seconds 
  Import took 2.335411 seconds .

========================================================================
Received Import Request.
  Time since last request: 0.000314 seconds.
  path: Assets/Fonts/quarca/QuarcaExtBookItalic.otf
  artifactKey: Guid(d9ed451f1d18a431ba16849d5bb198fa) Importer(815301076,1909f56bfc062723c751e8b465ee728b)
Start importing Assets/Fonts/quarca/QuarcaExtBookItalic.otf using Guid(d9ed451f1d18a431ba16849d5bb198fa) Importer(815301076,1909f56bfc062723c751e8b465ee728b)  -> (artifact id: '6d33fc7e7bf5e90e5fbcdee3376eccf0') in 0.016395 seconds 
  Import took 0.020205 seconds .

========================================================================
Received Import Request.
  Time since last request: 0.000251 seconds.
  path: Assets/Fonts/quarca/QuarcaExtThin.otf
  artifactKey: Guid(46ed3ac052ce448fe86576867bb1cca4) Importer(815301076,1909f56bfc062723c751e8b465ee728b)
Start importing Assets/Fonts/quarca/QuarcaExtThin.otf using Guid(46ed3ac052ce448fe86576867bb1cca4) Importer(815301076,1909f56bfc062723c751e8b465ee728b)  -> (artifact id: '666717be99f44513b24f2210def8c3dc') in 0.016023 seconds 
  Import took 0.020352 seconds .

========================================================================
Received Import Request.
  Time since last request: 0.000344 seconds.
  path: Assets/Fonts/quarca/QuarcaCondBoldItalic.otf
  artifactKey: Guid(ddcb7b76a3ac144d09a4ae19a4461676) Importer(815301076,1909f56bfc062723c751e8b465ee728b)
Start importing Assets/Fonts/quarca/QuarcaCondBoldItalic.otf using Guid(ddcb7b76a3ac144d09a4ae19a4461676) Importer(815301076,1909f56bfc062723c751e8b465ee728b)  -> (artifact id: '19b48c4080634e7fa01f1c1a5e3c6f83') in 0.025971 seconds 
  Import took 0.030721 seconds .

========================================================================
Received Import Request.
  Time since last request: 0.000228 seconds.
  path: Assets/Fonts/quarca/QuarcaNormBook.otf
  artifactKey: Guid(54f96c94bc4874c2ab0464625f717729) Importer(815301076,1909f56bfc062723c751e8b465ee728b)
Start importing Assets/Fonts/quarca/QuarcaNormBook.otf using Guid(54f96c94bc4874c2ab0464625f717729) Importer(815301076,1909f56bfc062723c751e8b465ee728b)  -> (artifact id: 'ff63f5fd17fcdfb20cedc45c98eafeb9') in 0.016693 seconds 
  Import took 0.020644 seconds .

========================================================================
Received Import Request.
  Time since last request: 0.000266 seconds.
  path: Assets/Fonts/quarca/QuarcaNormLightItalic.otf
  artifactKey: Guid(ec1d600dbb9864cb990052fe6e2fa87a) Importer(815301076,1909f56bfc062723c751e8b465ee728b)
Start importing Assets/Fonts/quarca/QuarcaNormLightItalic.otf using Guid(ec1d600dbb9864cb990052fe6e2fa87a) Importer(815301076,1909f56bfc062723c751e8b465ee728b)  -> (artifact id: 'b16ed730c49fda4dd266be956f10c0b3') in 0.013591 seconds 
  Import took 0.018033 seconds .

========================================================================
Received Import Request.
  Time since last request: 0.000262 seconds.
  path: Assets/Fonts/quarca/QuarcaNormThinItalic.otf
  artifactKey: Guid(84e6c4386964b40b3a1c90473504beea) Importer(815301076,1909f56bfc062723c751e8b465ee728b)
Start importing Assets/Fonts/quarca/QuarcaNormThinItalic.otf using Guid(84e6c4386964b40b3a1c90473504beea) Importer(815301076,1909f56bfc062723c751e8b465ee728b)  -> (artifact id: '64f48e5a231780f8668359f8dcd537fa') in 0.011306 seconds 
  Import took 0.014750 seconds .

========================================================================
Received Import Request.
  Time since last request: 0.000199 seconds.
  path: Assets/Fonts/quarca/QuarcaCondLightItalic.otf
  artifactKey: Guid(d288836130cd14f848055a6a1fa3677e) Importer(815301076,1909f56bfc062723c751e8b465ee728b)
Start importing Assets/Fonts/quarca/QuarcaCondLightItalic.otf using Guid(d288836130cd14f848055a6a1fa3677e) Importer(815301076,1909f56bfc062723c751e8b465ee728b)  -> (artifact id: '95acc73d606d67d805a45172b0d30399') in 0.027765 seconds 
  Import took 0.031339 seconds .

========================================================================
Received Import Request.
  Time since last request: 0.000244 seconds.
  path: Assets/Fonts/quarca/QuarcaCondRegular.otf
  artifactKey: Guid(57a6861e07b4e418ca5011169a469f28) Importer(815301076,1909f56bfc062723c751e8b465ee728b)
Start importing Assets/Fonts/quarca/QuarcaCondRegular.otf using Guid(57a6861e07b4e418ca5011169a469f28) Importer(815301076,1909f56bfc062723c751e8b465ee728b)  -> (artifact id: '302028696ca1fa9ac5d01549141b2404') in 0.010464 seconds 
  Import took 0.013867 seconds .

========================================================================
Received Import Request.
  Time since last request: 0.000211 seconds.
  path: Assets/Fonts/quarca/QuarcaNormBold.otf
  artifactKey: Guid(76752f8437c5e42718e42bb1741cab39) Importer(815301076,1909f56bfc062723c751e8b465ee728b)
Start importing Assets/Fonts/quarca/QuarcaNormBold.otf using Guid(76752f8437c5e42718e42bb1741cab39) Importer(815301076,1909f56bfc062723c751e8b465ee728b)  -> (artifact id: '0724d75a94963854e11a9180fd4ac442') in 0.011762 seconds 
  Import took 0.014897 seconds .

========================================================================
Received Import Request.
  Time since last request: 0.000232 seconds.
  path: Assets/Fonts/quarca/QuarcaCondLight.otf
  artifactKey: Guid(19206440cbaec4cfb8fbe5b74f9d2077) Importer(815301076,1909f56bfc062723c751e8b465ee728b)
Start importing Assets/Fonts/quarca/QuarcaCondLight.otf using Guid(19206440cbaec4cfb8fbe5b74f9d2077) Importer(815301076,1909f56bfc062723c751e8b465ee728b)  -> (artifact id: 'a7b49932dd6b631a39ebbaf17e7a1147') in 0.036834 seconds 
  Import took 0.040105 seconds .

========================================================================
Received Import Request.
  Time since last request: 0.000264 seconds.
  path: Assets/Fonts/quarca/QuarcaExtBook.otf
  artifactKey: Guid(a8eadda5112cd4b34be1f4f68a7061c7) Importer(815301076,1909f56bfc062723c751e8b465ee728b)
Start importing Assets/Fonts/quarca/QuarcaExtBook.otf using Guid(a8eadda5112cd4b34be1f4f68a7061c7) Importer(815301076,1909f56bfc062723c751e8b465ee728b)  -> (artifact id: '55bdf0235273804743745dc9cdf5ccbc') in 0.009534 seconds 
  Import took 0.012969 seconds .

========================================================================
Received Import Request.
  Time since last request: 0.000283 seconds.
  path: Assets/Fonts/quarca/QuarcaCondRegularItalic.otf
  artifactKey: Guid(176a311b6164a495f97a929a32f34250) Importer(815301076,1909f56bfc062723c751e8b465ee728b)
Start importing Assets/Fonts/quarca/QuarcaCondRegularItalic.otf using Guid(176a311b6164a495f97a929a32f34250) Importer(815301076,1909f56bfc062723c751e8b465ee728b)  -> (artifact id: 'e3c7c4cf2aaaadae808d2342b7fd3f4b') in 0.013747 seconds 
  Import took 0.017014 seconds .

========================================================================
Received Import Request.
  Time since last request: 0.000260 seconds.
  path: Assets/Fonts/quarca/QuarcaCondThinItalic.otf
  artifactKey: Guid(15496f653d9da4679bff5e56f64abd74) Importer(815301076,1909f56bfc062723c751e8b465ee728b)
Start importing Assets/Fonts/quarca/QuarcaCondThinItalic.otf using Guid(15496f653d9da4679bff5e56f64abd74) Importer(815301076,1909f56bfc062723c751e8b465ee728b)  -> (artifact id: 'e2964395fa402b5d8d022245cefacd72') in 0.032772 seconds 
  Import took 0.036389 seconds .

========================================================================
Received Import Request.
  Time since last request: 0.000266 seconds.
  path: Assets/Fonts/quarca/QuarcaExtLightItalic.otf
  artifactKey: Guid(8f6a153fca04c4d83a7f1c2be2483607) Importer(815301076,1909f56bfc062723c751e8b465ee728b)
Start importing Assets/Fonts/quarca/QuarcaExtLightItalic.otf using Guid(8f6a153fca04c4d83a7f1c2be2483607) Importer(815301076,1909f56bfc062723c751e8b465ee728b)  -> (artifact id: 'e90ed819da350218eaec77f5d2fd68cf') in 0.011033 seconds 
  Import took 0.015306 seconds .

========================================================================
Received Import Request.
  Time since last request: 0.000225 seconds.
  path: Assets/Fonts/quarca/QuarcaExtMedium.otf
  artifactKey: Guid(8efbef7be6849476783940eb3d4eaef7) Importer(815301076,1909f56bfc062723c751e8b465ee728b)
Start importing Assets/Fonts/quarca/QuarcaExtMedium.otf using Guid(8efbef7be6849476783940eb3d4eaef7) Importer(815301076,1909f56bfc062723c751e8b465ee728b)  -> (artifact id: 'a339a435138479c0dba63cb109aa64c1') in 0.033139 seconds 
  Import took 0.037199 seconds .

========================================================================
Received Import Request.
  Time since last request: 0.000261 seconds.
  path: Assets/Fonts/quarca/QuarcaExtRegular.otf
  artifactKey: Guid(b68265bd9dcd04fbca6356f494a0c797) Importer(815301076,1909f56bfc062723c751e8b465ee728b)
Start importing Assets/Fonts/quarca/QuarcaExtRegular.otf using Guid(b68265bd9dcd04fbca6356f494a0c797) Importer(815301076,1909f56bfc062723c751e8b465ee728b)  -> (artifact id: '3dc9c67250942ac5a7991d7b2a88bd81') in 0.010198 seconds 
  Import took 0.013601 seconds .

========================================================================
Received Import Request.
  Time since last request: 0.000223 seconds.
  path: Assets/Fonts/quarca/QuarcaCondMedium.otf
  artifactKey: Guid(90894ad5978ac4f7fba919855738fd23) Importer(815301076,1909f56bfc062723c751e8b465ee728b)
Start importing Assets/Fonts/quarca/QuarcaCondMedium.otf using Guid(90894ad5978ac4f7fba919855738fd23) Importer(815301076,1909f56bfc062723c751e8b465ee728b)  -> (artifact id: '64cfc857f1330055d8d6e64b80bf38c3') in 0.009609 seconds 
  Import took 0.013023 seconds .

========================================================================
Received Import Request.
  Time since last request: 0.000186 seconds.
  path: Assets/Fonts/quarca/QuarcaNormLight.otf
  artifactKey: Guid(755bd703e7f754598839e9ccdd55486d) Importer(815301076,1909f56bfc062723c751e8b465ee728b)
Start importing Assets/Fonts/quarca/QuarcaNormLight.otf using Guid(755bd703e7f754598839e9ccdd55486d) Importer(815301076,1909f56bfc062723c751e8b465ee728b)  -> (artifact id: '2d23fb29abc0ee9d5ded97fe86742c85') in 0.032823 seconds 
  Import took 0.036652 seconds .

========================================================================
Received Import Request.
  Time since last request: 0.000208 seconds.
  path: Assets/Fonts/quarca/QuarcaNormThin.otf
  artifactKey: Guid(16f08671ad0a14361860e410bd532212) Importer(815301076,1909f56bfc062723c751e8b465ee728b)
Start importing Assets/Fonts/quarca/QuarcaNormThin.otf using Guid(16f08671ad0a14361860e410bd532212) Importer(815301076,1909f56bfc062723c751e8b465ee728b)  -> (artifact id: 'ae039de4dac9c06a6b62eed1e1a2e1c8') in 0.009682 seconds 
  Import took 0.013190 seconds .

========================================================================
Received Import Request.
  Time since last request: 0.000232 seconds.
  path: Assets/Fonts/quarca/QuarcaNormRegular SDF.asset
  artifactKey: Guid(d9c1c2072795240cbbf1fcecd5ce6892) Importer(815301076,1909f56bfc062723c751e8b465ee728b)
Start importing Assets/Fonts/quarca/QuarcaNormRegular SDF.asset using Guid(d9c1c2072795240cbbf1fcecd5ce6892) Importer(815301076,1909f56bfc062723c751e8b465ee728b)  -> (artifact id: 'de7cb0c18ea57e2c4eabe3fdde188226') in 1.103070 seconds 
  Import took 1.106874 seconds .

========================================================================
Received Import Request.
  Time since last request: 0.000290 seconds.
  path: Assets/Fonts/quarca/QuarcaCondBook.otf
  artifactKey: Guid(11bbbcfef482b40c69d650442c66738b) Importer(815301076,1909f56bfc062723c751e8b465ee728b)
Start importing Assets/Fonts/quarca/QuarcaCondBook.otf using Guid(11bbbcfef482b40c69d650442c66738b) Importer(815301076,1909f56bfc062723c751e8b465ee728b)  -> (artifact id: '2e4b42857edf12571e7c35aee1c176cb') in 0.014175 seconds 
  Import took 0.018533 seconds .

========================================================================
Received Import Request.
  Time since last request: 0.002951 seconds.
  path: Assets/Fonts/quarca/QuarcaExtBoldItalic.otf
  artifactKey: Guid(6ad77dbab16f4404aa27cc98f9819b57) Importer(815301076,1909f56bfc062723c751e8b465ee728b)
Start importing Assets/Fonts/quarca/QuarcaExtBoldItalic.otf using Guid(6ad77dbab16f4404aa27cc98f9819b57) Importer(815301076,1909f56bfc062723c751e8b465ee728b)  -> (artifact id: 'e72542938e48f6b4123c6544243def70') in 0.023086 seconds 
  Import took 0.037756 seconds .

========================================================================
Received Import Request.
  Time since last request: 0.042012 seconds.
  path: Assets/Fonts/Saira_Condensed
  artifactKey: Guid(45966f3e905024b8e85718949e74ea23) Importer(815301076,1909f56bfc062723c751e8b465ee728b)
Start importing Assets/Fonts/Saira_Condensed using Guid(45966f3e905024b8e85718949e74ea23) Importer(815301076,1909f56bfc062723c751e8b465ee728b)  -> (artifact id: '06b1ae47ddc2add07b5b74bdd10f6a56') in 0.001277 seconds 
  Import took 0.005495 seconds .

========================================================================
Received Import Request.
  Time since last request: 0.001151 seconds.
  path: Assets/Fonts/quarca/QuarcaNormMediumItalic.otf
  artifactKey: Guid(40a95d075db0c4ef6b4a631ced00b72e) Importer(815301076,1909f56bfc062723c751e8b465ee728b)
Start importing Assets/Fonts/quarca/QuarcaNormMediumItalic.otf using Guid(40a95d075db0c4ef6b4a631ced00b72e) Importer(815301076,1909f56bfc062723c751e8b465ee728b)  -> (artifact id: '6e823172b2495f96c607816d8625f1d3') in 0.013215 seconds 
  Import took 0.017685 seconds .

========================================================================
Received Import Request.
  Time since last request: 0.000234 seconds.
  path: Assets/Fonts/Saira_Condensed
  artifactKey: Guid(45966f3e905024b8e85718949e74ea23) Importer(815301076,1909f56bfc062723c751e8b465ee728b)
Start importing Assets/Fonts/Saira_Condensed using Guid(45966f3e905024b8e85718949e74ea23) Importer(815301076,1909f56bfc062723c751e8b465ee728b)  -> (artifact id: '06b1ae47ddc2add07b5b74bdd10f6a56') in 0.001219 seconds 
  Import took 0.006023 seconds .

========================================================================
Received Import Request.
  Time since last request: 0.000282 seconds.
  path: Assets/Fonts/quarca/QuarcaCondMediumItalic.otf
  artifactKey: Guid(4dd30bf8ae70149828cf053017536017) Importer(815301076,1909f56bfc062723c751e8b465ee728b)
Start importing Assets/Fonts/quarca/QuarcaCondMediumItalic.otf using Guid(4dd30bf8ae70149828cf053017536017) Importer(815301076,1909f56bfc062723c751e8b465ee728b)  -> (artifact id: '929c6568945642d75132a05d84d851ee') in 0.016805 seconds 
  Import took 0.020379 seconds .

========================================================================
Received Import Request.
  Time since last request: 0.000193 seconds.
  path: Assets/Fonts/quarca/QuarcaCondThin.otf
  artifactKey: Guid(7845735251de44368a7bfbd7132f9e69) Importer(815301076,1909f56bfc062723c751e8b465ee728b)
Start importing Assets/Fonts/quarca/QuarcaCondThin.otf using Guid(7845735251de44368a7bfbd7132f9e69) Importer(815301076,1909f56bfc062723c751e8b465ee728b)  -> (artifact id: 'd74ea1a00121be88104c76bcd1283f68') in 0.012124 seconds 
  Import took 0.015405 seconds .

========================================================================
Received Import Request.
  Time since last request: 0.000191 seconds.
  path: Assets/Fonts/quarca/QuarcaExtRegularItalic.otf
  artifactKey: Guid(0f6b93f47697e490792f66f44ba0f30c) Importer(815301076,1909f56bfc062723c751e8b465ee728b)
Start importing Assets/Fonts/quarca/QuarcaExtRegularItalic.otf using Guid(0f6b93f47697e490792f66f44ba0f30c) Importer(815301076,1909f56bfc062723c751e8b465ee728b)  -> (artifact id: '6eca5dd5aa9c64a8ccbece050f779b63') in 0.032493 seconds 
  Import took 0.036807 seconds .

========================================================================
Received Import Request.
  Time since last request: 0.000319 seconds.
  path: Assets/Fonts/quarca/QuarcaNormRegular.otf
  artifactKey: Guid(8336ffb5183bd42409bc5407be0f192f) Importer(815301076,1909f56bfc062723c751e8b465ee728b)
Start importing Assets/Fonts/quarca/QuarcaNormRegular.otf using Guid(8336ffb5183bd42409bc5407be0f192f) Importer(815301076,1909f56bfc062723c751e8b465ee728b)  -> (artifact id: 'efd482362d6e810b1f775acf3addd1b8') in 0.011780 seconds 
  Import took 0.015862 seconds .

========================================================================
Received Import Request.
  Time since last request: 0.000234 seconds.
  path: Assets/Fonts/quarca/QuarcaNormRegularItalic.otf
  artifactKey: Guid(cad73678c68f64fa5a61f1e138052b8e) Importer(815301076,1909f56bfc062723c751e8b465ee728b)
Start importing Assets/Fonts/quarca/QuarcaNormRegularItalic.otf using Guid(cad73678c68f64fa5a61f1e138052b8e) Importer(815301076,1909f56bfc062723c751e8b465ee728b)  -> (artifact id: '99ed3dded8a1b39ab81016c459528b52') in 0.010822 seconds 
  Import took 0.013905 seconds .

========================================================================
Received Import Request.
  Time since last request: 0.000209 seconds.
  path: Assets/Fonts/quarca/QuarcaCondBookItalic.otf
  artifactKey: Guid(247a65718a1204b57b481cd9ab7f007a) Importer(815301076,1909f56bfc062723c751e8b465ee728b)
Start importing Assets/Fonts/quarca/QuarcaCondBookItalic.otf using Guid(247a65718a1204b57b481cd9ab7f007a) Importer(815301076,1909f56bfc062723c751e8b465ee728b)  -> (artifact id: 'afca8f25622984fa539b2fc927eed906') in 0.037309 seconds 
  Import took 0.041413 seconds .

========================================================================
Received Import Request.
  Time since last request: 0.000251 seconds.
  path: Assets/Fonts/quarca/QuarcaExtLight.otf
  artifactKey: Guid(cc1355628aa3042909867f3bb83d7465) Importer(815301076,1909f56bfc062723c751e8b465ee728b)
Start importing Assets/Fonts/quarca/QuarcaExtLight.otf using Guid(cc1355628aa3042909867f3bb83d7465) Importer(815301076,1909f56bfc062723c751e8b465ee728b)  -> (artifact id: '8e6309493de7a9eb4b5b8926e334243b') in 0.010986 seconds 
  Import took 0.015097 seconds .

========================================================================
Received Import Request.
  Time since last request: 0.000197 seconds.
  path: Assets/Fonts/quarca/QuarcaExtMediumItalic.otf
  artifactKey: Guid(7bed4203d91ed459bbf33dca863eb2a9) Importer(815301076,1909f56bfc062723c751e8b465ee728b)
Start importing Assets/Fonts/quarca/QuarcaExtMediumItalic.otf using Guid(7bed4203d91ed459bbf33dca863eb2a9) Importer(815301076,1909f56bfc062723c751e8b465ee728b)  -> (artifact id: '15bb3b898b690d40f127dc03542bc2c4') in 0.014433 seconds 
  Import took 0.017744 seconds .

========================================================================
Received Import Request.
  Time since last request: 0.000224 seconds.
  path: Assets/Fonts/quarca/QuarcaNormBoldItalic.otf
  artifactKey: Guid(b5af4db14c8404ef69258c0a0d4252ac) Importer(815301076,1909f56bfc062723c751e8b465ee728b)
Start importing Assets/Fonts/quarca/QuarcaNormBoldItalic.otf using Guid(b5af4db14c8404ef69258c0a0d4252ac) Importer(815301076,1909f56bfc062723c751e8b465ee728b)  -> (artifact id: '1024dc7e523683645dc357c71c8dfb2d') in 0.028004 seconds 
  Import took 0.031816 seconds .

========================================================================
Received Import Request.
  Time since last request: 0.000201 seconds.
  path: Assets/Fonts/quarca/QuarcaNormMedium.otf
  artifactKey: Guid(e122b6185424b4251a2a4758d86f4452) Importer(815301076,1909f56bfc062723c751e8b465ee728b)
Start importing Assets/Fonts/quarca/QuarcaNormMedium.otf using Guid(e122b6185424b4251a2a4758d86f4452) Importer(815301076,1909f56bfc062723c751e8b465ee728b)  -> (artifact id: '12ce1cca5bf651452f55875906d5aa10') in 0.009984 seconds 
  Import took 0.013410 seconds .

========================================================================
Received Import Request.
  Time since last request: 0.000193 seconds.
  path: Assets/Fonts/quarca/QuarcaNormBookItalic.otf
  artifactKey: Guid(5092ceb9c58ff48a0b50b47709635c75) Importer(815301076,1909f56bfc062723c751e8b465ee728b)
Start importing Assets/Fonts/quarca/QuarcaNormBookItalic.otf using Guid(5092ceb9c58ff48a0b50b47709635c75) Importer(815301076,1909f56bfc062723c751e8b465ee728b)  -> (artifact id: 'd90d8127c6917bacc1c174bd0fc88fca') in 0.031776 seconds 
  Import took 0.035427 seconds .

========================================================================
Received Import Request.
  Time since last request: 0.000204 seconds.
  path: Assets/Fonts/quarca/QuarcaExtBold.otf
  artifactKey: Guid(e19cceda245f24571902c815b845a00e) Importer(815301076,1909f56bfc062723c751e8b465ee728b)
Start importing Assets/Fonts/quarca/QuarcaExtBold.otf using Guid(e19cceda245f24571902c815b845a00e) Importer(815301076,1909f56bfc062723c751e8b465ee728b)  -> (artifact id: 'da1c1970947e5ebfe60eb09d2b6c20c7') in 0.009747 seconds 
  Import took 0.013237 seconds .

========================================================================
Received Import Request.
  Time since last request: 0.000183 seconds.
  path: Assets/Fonts/quarca/QuarcaExtThinItalic.otf
  artifactKey: Guid(e4727b1849c414a4794e8bb03938007e) Importer(815301076,1909f56bfc062723c751e8b465ee728b)
Start importing Assets/Fonts/quarca/QuarcaExtThinItalic.otf using Guid(e4727b1849c414a4794e8bb03938007e) Importer(815301076,1909f56bfc062723c751e8b465ee728b)  -> (artifact id: '391272e0ce53bf7a406267134606e67a') in 0.013079 seconds 
  Import took 0.016050 seconds .

========================================================================
Received Prepare
Registering precompiled user dll's ...
Registered in 0.012652 seconds.
Begin MonoManager ReloadAssembly
Native extension for WindowsStandalone target not found
Native extension for OSXStandalone target not found
Native extension for WebGL target not found
Refreshing native plugins compatible for Editor in 0.65 ms, found 2 plugins.
Preloading 0 native plugins for Editor in 0.00 ms.
Mono: successfully reloaded assembly
- Completed reload, in  1.305 seconds
Platform modules already initialized, skipping
Refreshing native plugins compatible for Editor in 0.67 ms, found 2 plugins.
Preloading 0 native plugins for Editor in 0.00 ms.
Unloading 1910 Unused Serialized files (Serialized files now loaded: 0)
System memory in use before: 179.9 MB.
System memory in use after: 180.1 MB.

Unloading 20 unused Assets to reduce memory usage. Loaded Objects now: 2466.
Total: 2.188578 ms (FindLiveObjects: 0.200010 ms CreateObjectMapping: 0.067756 ms MarkObjects: 1.895699 ms  DeleteObjects: 0.024411 ms)

AssetImportParameters requested are different than current active one (requested -> active):
  custom:video-decoder-ogg-theora: a1e56fd34408186e4bbccfd4996cb3dc -> 
  custom:container-muxer-webm: aa71ff27fc2769a1b78a27578f13a17b -> 
  custom:container-demuxer-webm: 4f35f7cbe854078d1ac9338744f61a02 -> 
  custom:container-demuxer-ogg: 62fdf1f143b41e24485cea50d1cbac27 -> 
  custom:video-encoder-webm-vp8: eb34c28f22e8b96e1ab97ce403110664 -> 
  custom:framework-osx-AVFoundation: e770b220cccbd017edd2c1fefb359320 -> 
  custom:video-decoder-webm-vp8: 9c59270c3fd7afecdb556c50c9e8de78 -> 
  custom:audio-decoder-ogg-vorbis: bf7c407c2cedff20999df2af8eb42d56 -> 
  custom:audio-encoder-webm-vorbis: bf7c407c2cedff20999df2af8eb42d56 -> 
========================================================================
Received Prepare
Registering precompiled user dll's ...
Registered in 0.014800 seconds.
Begin MonoManager ReloadAssembly
Native extension for WindowsStandalone target not found
Native extension for OSXStandalone target not found
Native extension for WebGL target not found
Refreshing native plugins compatible for Editor in 1.02 ms, found 2 plugins.
Preloading 0 native plugins for Editor in 0.00 ms.
Mono: successfully reloaded assembly
- Completed reload, in  1.354 seconds
Platform modules already initialized, skipping
Refreshing native plugins compatible for Editor in 0.61 ms, found 2 plugins.
Preloading 0 native plugins for Editor in 0.00 ms.
Unloading 1910 Unused Serialized files (Serialized files now loaded: 0)
System memory in use before: 180.2 MB.
System memory in use after: 180.3 MB.

Unloading 20 unused Assets to reduce memory usage. Loaded Objects now: 2469.
Total: 2.183240 ms (FindLiveObjects: 0.227827 ms CreateObjectMapping: 0.065722 ms MarkObjects: 1.870040 ms  DeleteObjects: 0.018611 ms)

AssetImportParameters requested are different than current active one (requested -> active):
  custom:video-decoder-ogg-theora: a1e56fd34408186e4bbccfd4996cb3dc -> 
  custom:container-muxer-webm: aa71ff27fc2769a1b78a27578f13a17b -> 
  custom:container-demuxer-webm: 4f35f7cbe854078d1ac9338744f61a02 -> 
  custom:container-demuxer-ogg: 62fdf1f143b41e24485cea50d1cbac27 -> 
  custom:video-encoder-webm-vp8: eb34c28f22e8b96e1ab97ce403110664 -> 
  custom:framework-osx-AVFoundation: e770b220cccbd017edd2c1fefb359320 -> 
  custom:video-decoder-webm-vp8: 9c59270c3fd7afecdb556c50c9e8de78 -> 
  custom:audio-decoder-ogg-vorbis: bf7c407c2cedff20999df2af8eb42d56 -> 
  custom:audio-encoder-webm-vorbis: bf7c407c2cedff20999df2af8eb42d56 -> 
========================================================================
Received Prepare
Registering precompiled user dll's ...
Registered in 0.017646 seconds.
Begin MonoManager ReloadAssembly
Native extension for WindowsStandalone target not found
Native extension for OSXStandalone target not found
Native extension for WebGL target not found
Refreshing native plugins compatible for Editor in 0.61 ms, found 2 plugins.
Preloading 0 native plugins for Editor in 0.00 ms.
Mono: successfully reloaded assembly
- Completed reload, in  1.404 seconds
Platform modules already initialized, skipping
Refreshing native plugins compatible for Editor in 0.63 ms, found 2 plugins.
Preloading 0 native plugins for Editor in 0.00 ms.
Unloading 1910 Unused Serialized files (Serialized files now loaded: 0)
System memory in use before: 180.4 MB.
System memory in use after: 180.6 MB.

Unloading 20 unused Assets to reduce memory usage. Loaded Objects now: 2472.
Total: 2.492811 ms (FindLiveObjects: 0.288501 ms CreateObjectMapping: 0.152445 ms MarkObjects: 2.024770 ms  DeleteObjects: 0.025923 ms)

AssetImportParameters requested are different than current active one (requested -> active):
  custom:video-decoder-ogg-theora: a1e56fd34408186e4bbccfd4996cb3dc -> 
  custom:container-muxer-webm: aa71ff27fc2769a1b78a27578f13a17b -> 
  custom:container-demuxer-webm: 4f35f7cbe854078d1ac9338744f61a02 -> 
  custom:container-demuxer-ogg: 62fdf1f143b41e24485cea50d1cbac27 -> 
  custom:video-encoder-webm-vp8: eb34c28f22e8b96e1ab97ce403110664 -> 
  custom:framework-osx-AVFoundation: e770b220cccbd017edd2c1fefb359320 -> 
  custom:video-decoder-webm-vp8: 9c59270c3fd7afecdb556c50c9e8de78 -> 
  custom:audio-decoder-ogg-vorbis: bf7c407c2cedff20999df2af8eb42d56 -> 
  custom:audio-encoder-webm-vorbis: bf7c407c2cedff20999df2af8eb42d56 -> 
